Using pre-set license
Built from '2020.3/staging' branch; Version is '2020.3.4f1 (0abb6314276a) revision 703331'; Using compiler version '192528614'; Build Type 'Release'
OS: 'Windows 10 Home; OS build 19041.1052; Version 2004; 64bit' Language: 'en' Physical Memory: 16263 MB
BatchMode: 1, IsHumanControllingUs: 0, StartBugReporterOnCrash: 0, Is64bit: 1, IsPro: 0

 COMMAND LINE ARGUMENTS:
C:\Program Files\Unity\Hub\Editor\2020.3.4f1\Editor\Unity.exe
-adb2
-batchMode
-noUpm
-name
AssetImportWorker0
-projectPath
C:/Users/ronin/Desktop/School/Profielwerkstuk/Profielwerkstuk
-logFile
Logs/AssetImportWorker0.log
-srvPort
65142
Successfully changed project path to: C:/Users/ronin/Desktop/School/Profielwerkstuk/Profielwerkstuk
C:/Users/ronin/Desktop/School/Profielwerkstuk/Profielwerkstuk
Using Asset Import Pipeline V2.
Refreshing native plugins compatible for Editor in 20.97 ms, found 0 plugins.
Preloading 0 native plugins for Editor in 0.00 ms.
Initialize engine version: 2020.3.4f1 (0abb6314276a)
[Subsystems] Discovering subsystems at path C:/Program Files/Unity/Hub/Editor/2020.3.4f1/Editor/Data/Resources/UnitySubsystems
[Subsystems] Discovering subsystems at path C:/Users/ronin/Desktop/School/Profielwerkstuk/Profielwerkstuk/Assets
GfxDevice: creating device client; threaded=0
Direct3D:
    Version:  Direct3D 11.0 [level 11.1]
    Renderer: NVIDIA GeForce GTX 1050 (ID=0x1c91)
    Vendor:   
    VRAM:     2996 MB
    Driver:   27.21.14.5167
Initialize mono
Mono path[0] = 'C:/Program Files/Unity/Hub/Editor/2020.3.4f1/Editor/Data/Managed'
Mono path[1] = 'C:/Program Files/Unity/Hub/Editor/2020.3.4f1/Editor/Data/MonoBleedingEdge/lib/mono/unityjit'
Mono config path = 'C:/Program Files/Unity/Hub/Editor/2020.3.4f1/Editor/Data/MonoBleedingEdge/etc'
Using monoOptions --debugger-agent=transport=dt_socket,embedding=1,server=y,suspend=n,address=127.0.0.1:56504
Begin MonoManager ReloadAssembly
Registering precompiled unity dll's ...
Register platform support module: C:/Program Files/Unity/Hub/Editor/2020.3.4f1/Editor/Data/PlaybackEngines/WindowsStandaloneSupport/UnityEditor.WindowsStandalone.Extensions.dll
Registered in 0.001836 seconds.
Native extension for WindowsStandalone target not found
Refreshing native plugins compatible for Editor in 20.87 ms, found 0 plugins.
Preloading 0 native plugins for Editor in 0.00 ms.
Mono: successfully reloaded assembly
- Completed reload, in  0.900 seconds
Platform modules already initialized, skipping
Registering precompiled user dll's ...
Registered in 0.000594 seconds.
Begin MonoManager ReloadAssembly
Native extension for WindowsStandalone target not found
Refreshing native plugins compatible for Editor in 0.18 ms, found 0 plugins.
Preloading 0 native plugins for Editor in 0.00 ms.
Mono: successfully reloaded assembly
- Completed reload, in  0.739 seconds
Platform modules already initialized, skipping
========================================================================
Worker process is ready to serve import requests
Launched and connected shader compiler UnityShaderCompiler.exe after 0.04 seconds
Refreshing native plugins compatible for Editor in 0.19 ms, found 0 plugins.
Preloading 0 native plugins for Editor in 0.00 ms.
Unloading 1115 Unused Serialized files (Serialized files now loaded: 0)
System memory in use before: 57.1 MB.
System memory in use after: 57.2 MB.

Unloading 10 unused Assets to reduce memory usage. Loaded Objects now: 1557.
Total: 4.756600 ms (FindLiveObjects: 0.303600 ms CreateObjectMapping: 0.106300 ms MarkObjects: 4.143200 ms  DeleteObjects: 0.200600 ms)

========================================================================
Received Import Request.
  path: Assets
  artifactKey: Guid(00000000000000001000000000000000) Importer(815301076,1909f56bfc062723c751e8b465ee728b)
Start importing Assets using Guid(00000000000000001000000000000000) Importer(815301076,1909f56bfc062723c751e8b465ee728b)  -> (artifact id: '025e4f587c23674256bb898581e82961') in 0.022180 seconds
  Import took 0.026549 seconds .

========================================================================
Received Import Request.
  Time since last request: 4.051575 seconds.
  path: Assets/Scripts
  artifactKey: Guid(e87c6660517e42f4eb7527aae278646f) Importer(815301076,1909f56bfc062723c751e8b465ee728b)
Start importing Assets/Scripts using Guid(e87c6660517e42f4eb7527aae278646f) Importer(815301076,1909f56bfc062723c751e8b465ee728b)  -> (artifact id: '38d2576c85629a200278ca37fe559704') in 0.007916 seconds
  Import took 0.009847 seconds .

========================================================================
Received Import Request.
  Time since last request: 0.004758 seconds.
  path: Assets/Scripts
  artifactKey: Guid(e87c6660517e42f4eb7527aae278646f) Importer(815301076,1909f56bfc062723c751e8b465ee728b)
Start importing Assets/Scripts using Guid(e87c6660517e42f4eb7527aae278646f) Importer(815301076,1909f56bfc062723c751e8b465ee728b)  -> (artifact id: '38d2576c85629a200278ca37fe559704') in 0.003215 seconds
  Import took 0.005415 seconds .

========================================================================
Received Import Request.
  Time since last request: 14.789292 seconds.
  path: Assets/Scripts/Matrix.cs
  artifactKey: Guid(639d8f75c4936324aace6128a32736df) Importer(815301076,1909f56bfc062723c751e8b465ee728b)
Start importing Assets/Scripts/Matrix.cs using Guid(639d8f75c4936324aace6128a32736df) Importer(815301076,1909f56bfc062723c751e8b465ee728b)  -> (artifact id: '8baf46965eec7a66c2dc75acd186a104') in 0.039897 seconds
  Import took 0.042622 seconds .

========================================================================
Received Import Request.
  Time since last request: 5.724706 seconds.
  path: Assets/Scripts/NeuralNetwork.cs
  artifactKey: Guid(43a408d98f805994fbf5a7a035bb7b7c) Importer(815301076,1909f56bfc062723c751e8b465ee728b)
Start importing Assets/Scripts/NeuralNetwork.cs using Guid(43a408d98f805994fbf5a7a035bb7b7c) Importer(815301076,1909f56bfc062723c751e8b465ee728b)  -> (artifact id: '8fd5674cef78231e37a7b12ed77baabc') in 0.019101 seconds
  Import took 0.021171 seconds .

========================================================================
Received Import Request.
  Time since last request: 9.949500 seconds.
  path: Assets/Scripts/CarController.cs
  artifactKey: Guid(b6f37c540de91c943b07224a288d546f) Importer(815301076,1909f56bfc062723c751e8b465ee728b)
Start importing Assets/Scripts/CarController.cs using Guid(b6f37c540de91c943b07224a288d546f) Importer(815301076,1909f56bfc062723c751e8b465ee728b)  -> (artifact id: 'aef9735cd1b95b193bb959ddd88b9378') in 0.005977 seconds
  Import took 0.007954 seconds .

========================================================================
Received Import Request.
  Time since last request: 0.002638 seconds.
  path: Assets/Scripts/CarController.cs
  artifactKey: Guid(b6f37c540de91c943b07224a288d546f) Importer(815301076,1909f56bfc062723c751e8b465ee728b)
Start importing Assets/Scripts/CarController.cs using Guid(b6f37c540de91c943b07224a288d546f) Importer(815301076,1909f56bfc062723c751e8b465ee728b)  -> (artifact id: 'aef9735cd1b95b193bb959ddd88b9378') in 0.002646 seconds
  Import took 0.005898 seconds .

========================================================================
Received Prepare
Registering precompiled user dll's ...
Registered in 0.000659 seconds.
Begin MonoManager ReloadAssembly
Native extension for WindowsStandalone target not found
Refreshing native plugins compatible for Editor in 0.19 ms, found 0 plugins.
Preloading 0 native plugins for Editor in 0.00 ms.
Mono: successfully reloaded assembly
- Completed reload, in  0.711 seconds
Platform modules already initialized, skipping
Refreshing native plugins compatible for Editor in 0.18 ms, found 0 plugins.
Preloading 0 native plugins for Editor in 0.00 ms.
Unloading 1114 Unused Serialized files (Serialized files now loaded: 0)
System memory in use before: 57.2 MB.
System memory in use after: 57.2 MB.

Unloading 5 unused Assets to reduce memory usage. Loaded Objects now: 1564.
Total: 1.572200 ms (FindLiveObjects: 0.138600 ms CreateObjectMapping: 0.030800 ms MarkObjects: 1.364000 ms  DeleteObjects: 0.038200 ms)

========================================================================
Received Import Request.
  Time since last request: 160.524903 seconds.
  path: Assets/Scripts/CarController.cs
  artifactKey: Guid(b6f37c540de91c943b07224a288d546f) Importer(815301076,1909f56bfc062723c751e8b465ee728b)
Start importing Assets/Scripts/CarController.cs using Guid(b6f37c540de91c943b07224a288d546f) Importer(815301076,1909f56bfc062723c751e8b465ee728b)  -> (artifact id: '508e4be6255a8608a8d59850ddf61e5e') in 0.003573 seconds
  Import took 0.005073 seconds .

